<?xml version="1.0" encoding="UTF-8"?>
<!-- Generated by org.testng.reporters.JUnitXMLReporter -->
<testsuite ignored="0" hostname="Ramakanth" failures="0" tests="5" name="Article Scraper" time="0.548" errors="0" timestamp="2024-12-27T20:42:35 IST">
  <testcase classname="articles.ElPaisScraper" name="scrapeArticles" time="0.503"/>
  <testcase classname="articles.ElPaisScraper" name="scrapeArticles" time="0.506"/>
  <testcase classname="articles.ElPaisScraper" name="scrapeArticles" time="0.502"/>
  <testcase classname="articles.ElPaisScraper" name="scrapeArticles" time="0.508"/>
  <testcase classname="articles.ElPaisScraper" name="scrapeArticles" time="0.507"/>
</testsuite> <!-- Article Scraper -->
